<?xml version="1.0" encoding="UTF-8"?>
<testng-results skipped="0" failed="0" ignored="0" total="2" passed="2">
  <reporter-output>
  </reporter-output>
  <suite name="Suite" duration-ms="209" started-at="2020-02-10T06:01:55Z" finished-at="2020-02-10T06:01:55Z">
    <groups>
    </groups>
    <test name="Test" duration-ms="209" started-at="2020-02-10T06:01:55Z" finished-at="2020-02-10T06:01:55Z">
      <class name="com.test.MavenTestCases">
        <test-method status="PASS" signature="method1()[pri:0, instance:com.test.MavenTestCases@100fc185]" name="method1" duration-ms="50" started-at="2020-02-10T06:01:55Z" finished-at="2020-02-10T06:01:55Z">
          <reporter-output>
          </reporter-output>
        </test-method> <!-- method1 -->
      </class> <!-- com.test.MavenTestCases -->
      <class name="com.test.OneTest">
        <test-method status="PASS" signature="method2()[pri:0, instance:com.test.OneTest@643b1d11]" name="method2" duration-ms="6" started-at="2020-02-10T06:01:55Z" finished-at="2020-02-10T06:01:55Z">
          <reporter-output>
          </reporter-output>
        </test-method> <!-- method2 -->
      </class> <!-- com.test.OneTest -->
    </test> <!-- Test -->
  </suite> <!-- Suite -->
</testng-results>
